  [1m[35m (39.9ms)[0m  [1m[34mSELECT "rails_admin_settings"."ns" FROM "rails_admin_settings"[0m
  ↳ config/environment.rb:5
  [1m[36mRailsAdminSettings::Setting Load (0.4ms)[0m  [1m[34mSELECT "rails_admin_settings".* FROM "rails_admin_settings" WHERE "rails_admin_settings"."ns" = $1[0m  [["ns", "main"]]
  ↳ config/environment.rb:5
  [1m[35m (0.3ms)[0m  [1m[34mSELECT "rails_admin_settings"."ns" FROM "rails_admin_settings"[0m
  ↳ config/environment.rb:5
  [1m[36mRailsAdminSettings::Setting Load (0.3ms)[0m  [1m[34mSELECT "rails_admin_settings".* FROM "rails_admin_settings" WHERE "rails_admin_settings"."ns" = $1[0m  [["ns", "main"]]
  ↳ config/environment.rb:5
  [1m[35m (0.2ms)[0m  [1m[34mSELECT "rails_admin_settings"."ns" FROM "rails_admin_settings"[0m
  ↳ config/environment.rb:5
  [1m[36mRailsAdminSettings::Setting Load (0.2ms)[0m  [1m[34mSELECT "rails_admin_settings".* FROM "rails_admin_settings" WHERE "rails_admin_settings"."ns" = $1[0m  [["ns", "main"]]
  ↳ config/environment.rb:5
  [1m[35m (0.3ms)[0m  [1m[34mSELECT "rails_admin_settings"."ns" FROM "rails_admin_settings"[0m
  ↳ config/environment.rb:5
  [1m[36mRailsAdminSettings::Setting Load (0.3ms)[0m  [1m[34mSELECT "rails_admin_settings".* FROM "rails_admin_settings" WHERE "rails_admin_settings"."ns" = $1[0m  [["ns", "main"]]
  ↳ config/environment.rb:5
  [1m[35m (0.4ms)[0m  [1m[34mSELECT "rails_admin_settings"."ns" FROM "rails_admin_settings"[0m
  ↳ config/environment.rb:5
  [1m[36mRailsAdminSettings::Setting Load (0.3ms)[0m  [1m[34mSELECT "rails_admin_settings".* FROM "rails_admin_settings" WHERE "rails_admin_settings"."ns" = $1[0m  [["ns", "main"]]
  ↳ config/environment.rb:5
  [1m[35m (0.4ms)[0m  [1m[34mSELECT "rails_admin_settings"."ns" FROM "rails_admin_settings"[0m
  ↳ config/environment.rb:5
  [1m[36mRailsAdminSettings::Setting Load (0.2ms)[0m  [1m[34mSELECT "rails_admin_settings".* FROM "rails_admin_settings" WHERE "rails_admin_settings"."ns" = $1[0m  [["ns", "main"]]
  ↳ config/environment.rb:5
  [1m[35m (0.5ms)[0m  [1m[34mSELECT "rails_admin_settings"."ns" FROM "rails_admin_settings"[0m
  ↳ config/environment.rb:5
  [1m[36mRailsAdminSettings::Setting Load (0.2ms)[0m  [1m[34mSELECT "rails_admin_settings".* FROM "rails_admin_settings" WHERE "rails_admin_settings"."ns" = $1[0m  [["ns", "main"]]
  ↳ config/environment.rb:5
  [1m[35m (0.3ms)[0m  [1m[34mSELECT "rails_admin_settings"."ns" FROM "rails_admin_settings"[0m
  ↳ config/environment.rb:5
  [1m[36mRailsAdminSettings::Setting Load (0.3ms)[0m  [1m[34mSELECT "rails_admin_settings".* FROM "rails_admin_settings" WHERE "rails_admin_settings"."ns" = $1[0m  [["ns", "main"]]
  ↳ config/environment.rb:5
  [1m[35m (0.4ms)[0m  [1m[34mSELECT "rails_admin_settings"."ns" FROM "rails_admin_settings"[0m
  ↳ config/environment.rb:5
  [1m[36mRailsAdminSettings::Setting Load (0.3ms)[0m  [1m[34mSELECT "rails_admin_settings".* FROM "rails_admin_settings" WHERE "rails_admin_settings"."ns" = $1[0m  [["ns", "main"]]
  ↳ config/environment.rb:5
  [1m[35m (0.4ms)[0m  [1m[34mSELECT "rails_admin_settings"."ns" FROM "rails_admin_settings"[0m
  ↳ config/environment.rb:5
  [1m[36mRailsAdminSettings::Setting Load (0.3ms)[0m  [1m[34mSELECT "rails_admin_settings".* FROM "rails_admin_settings" WHERE "rails_admin_settings"."ns" = $1[0m  [["ns", "main"]]
  ↳ config/environment.rb:5
  [1m[35m (0.3ms)[0m  [1m[34mSELECT "rails_admin_settings"."ns" FROM "rails_admin_settings"[0m
  ↳ config/environment.rb:5
  [1m[36mRailsAdminSettings::Setting Load (0.3ms)[0m  [1m[34mSELECT "rails_admin_settings".* FROM "rails_admin_settings" WHERE "rails_admin_settings"."ns" = $1[0m  [["ns", "main"]]
  ↳ config/environment.rb:5
  [1m[35m (0.4ms)[0m  [1m[34mSELECT "rails_admin_settings"."ns" FROM "rails_admin_settings"[0m
  ↳ config/environment.rb:5
  [1m[36mRailsAdminSettings::Setting Load (0.2ms)[0m  [1m[34mSELECT "rails_admin_settings".* FROM "rails_admin_settings" WHERE "rails_admin_settings"."ns" = $1[0m  [["ns", "main"]]
  ↳ config/environment.rb:5
  [1m[35m (115.1ms)[0m  [1m[34mSELECT pg_try_advisory_lock(3196825000000286655)[0m
  ↳ /home/kyzma/.rbenv/versions/2.5.0/bin/rake:23
  [1m[35m (26.5ms)[0m  [1m[34mSELECT "schema_migrations"."version" FROM "schema_migrations" ORDER BY "schema_migrations"."version" ASC[0m
  ↳ /home/kyzma/.rbenv/versions/2.5.0/bin/rake:23
Migrating to CreateSimpleCaptchaData (20190711210503)
  [1m[35m (0.2ms)[0m  [1m[35mBEGIN[0m
  ↳ /home/kyzma/.rbenv/versions/2.5.0/bin/rake:23
  [1m[35m (417.7ms)[0m  [1m[35mCREATE TABLE "simple_captcha_data" ("id" serial NOT NULL PRIMARY KEY, "key" character varying(40), "value" character varying(6), "created_at" timestamp NOT NULL, "updated_at" timestamp NOT NULL)[0m
  ↳ db/migrate/20190711210503_create_simple_captcha_data.rb:3
  [1m[35m (0.2ms)[0m  [1m[31mROLLBACK[0m
  ↳ /home/kyzma/.rbenv/versions/2.5.0/bin/rake:23
  [1m[35m (0.2ms)[0m  [1m[34mSELECT pg_advisory_unlock(3196825000000286655)[0m
  ↳ /home/kyzma/.rbenv/versions/2.5.0/bin/rake:23
An error has occurred, this and all later migrations canceled:

PG::DuplicateTable: ОШИБКА:  отношение "simple_captcha_data" уже существует
: CREATE TABLE "simple_captcha_data" ("id" serial NOT NULL PRIMARY KEY, "key" character varying(40), "value" character varying(6), "created_at" timestamp NOT NULL, "updated_at" timestamp NOT NULL) excluded from capture: DSN not set
  [1m[35m (0.3ms)[0m  [1m[34mSELECT "rails_admin_settings"."ns" FROM "rails_admin_settings"[0m
  ↳ config/environment.rb:5
  [1m[36mRailsAdminSettings::Setting Load (0.2ms)[0m  [1m[34mSELECT "rails_admin_settings".* FROM "rails_admin_settings" WHERE "rails_admin_settings"."ns" = $1[0m  [["ns", "main"]]
  ↳ config/environment.rb:5
  [1m[35m (0.4ms)[0m  [1m[34mSELECT "rails_admin_settings"."ns" FROM "rails_admin_settings"[0m
  ↳ config/environment.rb:5
  [1m[36mRailsAdminSettings::Setting Load (0.2ms)[0m  [1m[34mSELECT "rails_admin_settings".* FROM "rails_admin_settings" WHERE "rails_admin_settings"."ns" = $1[0m  [["ns", "main"]]
  ↳ config/environment.rb:5
  [1m[35m (0.3ms)[0m  [1m[34mSELECT "rails_admin_settings"."ns" FROM "rails_admin_settings"[0m
  ↳ config/environment.rb:5
  [1m[36mRailsAdminSettings::Setting Load (0.3ms)[0m  [1m[34mSELECT "rails_admin_settings".* FROM "rails_admin_settings" WHERE "rails_admin_settings"."ns" = $1[0m  [["ns", "main"]]
  ↳ config/environment.rb:5
  [1m[35m (0.4ms)[0m  [1m[34mSELECT "rails_admin_settings"."ns" FROM "rails_admin_settings"[0m
  ↳ config/environment.rb:5
  [1m[36mRailsAdminSettings::Setting Load (0.3ms)[0m  [1m[34mSELECT "rails_admin_settings".* FROM "rails_admin_settings" WHERE "rails_admin_settings"."ns" = $1[0m  [["ns", "main"]]
  ↳ config/environment.rb:5
  [1m[35m (0.2ms)[0m  [1m[34mSELECT pg_try_advisory_lock(3196825000000286655)[0m
  ↳ /home/kyzma/.rbenv/versions/2.5.0/bin/rake:23
  [1m[35m (0.4ms)[0m  [1m[34mSELECT "schema_migrations"."version" FROM "schema_migrations" ORDER BY "schema_migrations"."version" ASC[0m
  ↳ /home/kyzma/.rbenv/versions/2.5.0/bin/rake:23
Migrating to CreateSimpleCaptchaData (20190711210503)
  [1m[35m (0.1ms)[0m  [1m[35mBEGIN[0m
  ↳ /home/kyzma/.rbenv/versions/2.5.0/bin/rake:23
  [1m[35m (1.1ms)[0m  [1m[35mCREATE TABLE "simple_captcha_data" ("id" serial NOT NULL PRIMARY KEY, "key" character varying(40), "value" character varying(6), "created_at" timestamp NOT NULL, "updated_at" timestamp NOT NULL)[0m
  ↳ db/migrate/20190711210503_create_simple_captcha_data.rb:3
  [1m[35m (0.1ms)[0m  [1m[31mROLLBACK[0m
  ↳ /home/kyzma/.rbenv/versions/2.5.0/bin/rake:23
  [1m[35m (0.2ms)[0m  [1m[34mSELECT pg_advisory_unlock(3196825000000286655)[0m
  ↳ /home/kyzma/.rbenv/versions/2.5.0/bin/rake:23
An error has occurred, this and all later migrations canceled:

PG::DuplicateTable: ОШИБКА:  отношение "simple_captcha_data" уже существует
: CREATE TABLE "simple_captcha_data" ("id" serial NOT NULL PRIMARY KEY, "key" character varying(40), "value" character varying(6), "created_at" timestamp NOT NULL, "updated_at" timestamp NOT NULL) excluded from capture: DSN not set
